# JRE version: OpenJDK Runtime Environment Temurin-21.0.10+7 (21.0.10+7) (build 21.0.10+7-LTS)
# Java VM: OpenJDK 64-Bit Server VM Temurin-21.0.10+7 (21.0.10+7-LTS, mixed mode, sharing, tiered, compressed oops, compressed class ptrs, parallel gc, windows-amd64)
GC Precious Log:
 CardTable entry size: 512
 CPUs: 12 total, 12 available
 Memory: 15599M
 Large Page Support: Disabled
 NUMA Support: Disabled
 Compressed Oops: Enabled (32-bit)
 Alignments: Space 512K, Generation 512K, Heap 2M
 Heap Min Capacity: 100M
 Heap Initial Capacity: 100M
 Heap Max Capacity: 2G
 Pre-touch: Disabled
 Parallel Workers: 10
Heap:
 PSYoungGen      total 12800K, used 11655K [0x00000000d5580000, 0x00000000d6380000, 0x0000000100000000)
  eden space 11776K, 94% used [0x00000000d5580000,0x00000000d6058ab0,0x00000000d6100000)
  from space 1024K, 53% used [0x00000000d6280000,0x00000000d6309348,0x00000000d6380000)
  to   space 1024K, 0% used [0x00000000d6180000,0x00000000d6180000,0x00000000d6280000)
 ParOldGen       total 79872K, used 79617K [0x0000000080000000, 0x0000000084e00000, 0x00000000d5580000)
  object space 79872K, 99% used [0x0000000080000000,0x0000000084dc05b8,0x0000000084e00000)
 Metaspace       used 69848K, committed 71360K, reserved 1114112K
  class space    used 7456K, committed 8128K, reserved 1048576K
GC Heap History (20 events):
Event: 14.752 GC heap before
{Heap before GC invocations=88 (full 3):
 PSYoungGen      total 13312K, used 13184K [0x00000000d5580000, 0x00000000d6380000, 0x0000000100000000)
  eden space 12800K, 100% used [0x00000000d5580000,0x00000000d6200000,0x00000000d6200000)
  from space 512K, 75% used [0x00000000d6300000,0x00000000d6360000,0x00000000d6380000)
  to   space 512K, 0% used [0x00000000d6280000,0x00000000d6280000,0x00000000d6300000)
 ParOldGen       total 72192K, used 72047K [0x0000000080000000, 0x0000000084680000, 0x00000000d5580000)
  object space 72192K, 99% used [0x0000000080000000,0x000000008465bfe0,0x0000000084680000)
 Metaspace       used 63885K, committed 65344K, reserved 1114112K
  class space    used 6903K, committed 7552K, reserved 1048576K
}
Event: 14.753 GC heap after
{Heap after GC invocations=88 (full 3):
 PSYoungGen      total 13312K, used 448K [0x00000000d5580000, 0x00000000d6380000, 0x0000000100000000)
  eden space 12800K, 0% used [0x00000000d5580000,0x00000000d5580000,0x00000000d6200000)
  from space 512K, 87% used [0x00000000d6280000,0x00000000d62f0000,0x00000000d6300000)
  to   space 512K, 0% used [0x00000000d6300000,0x00000000d6300000,0x00000000d6380000)
 ParOldGen       total 72704K, used 72247K [0x0000000080000000, 0x0000000084700000, 0x00000000d5580000)
  object space 72704K, 99% used [0x0000000080000000,0x000000008468dfe0,0x0000000084700000)
 Metaspace       used 63885K, committed 65344K, reserved 1114112K
  class space    used 6903K, committed 7552K, reserved 1048576K
}
Event: 14.769 GC heap before
{Heap before GC invocations=89 (full 3):
 PSYoungGen      total 13312K, used 13248K [0x00000000d5580000, 0x00000000d6380000, 0x0000000100000000)
  eden space 12800K, 100% used [0x00000000d5580000,0x00000000d6200000,0x00000000d6200000)
  from space 512K, 87% used [0x00000000d6280000,0x00000000d62f0000,0x00000000d6300000)
  to   space 512K, 0% used [0x00000000d6300000,0x00000000d6300000,0x00000000d6380000)
 ParOldGen       total 72704K, used 72247K [0x0000000080000000, 0x0000000084700000, 0x00000000d5580000)
  object space 72704K, 99% used [0x0000000080000000,0x000000008468dfe0,0x0000000084700000)
 Metaspace       used 64005K, committed 65472K, reserved 1114112K
  class space    used 6911K, committed 7552K, reserved 1048576K
}
Event: 14.770 GC heap after
{Heap after GC invocations=89 (full 3):
 PSYoungGen      total 13312K, used 320K [0x00000000d5580000, 0x00000000d6380000, 0x0000000100000000)
  eden space 12800K, 0% used [0x00000000d5580000,0x00000000d5580000,0x00000000d6200000)
  from space 512K, 62% used [0x00000000d6300000,0x00000000d6350000,0x00000000d6380000)
  to   space 512K, 0% used [0x00000000d6280000,0x00000000d6280000,0x00000000d6300000)
 ParOldGen       total 72704K, used 72431K [0x0000000080000000, 0x0000000084700000, 0x00000000d5580000)
  object space 72704K, 99% used [0x0000000080000000,0x00000000846bbfe0,0x0000000084700000)
 Metaspace       used 64005K, committed 65472K, reserved 1114112K
  class space    used 6911K, committed 7552K, reserved 1048576K
}
Event: 14.868 GC heap before
{Heap before GC invocations=90 (full 3):
 PSYoungGen      total 13312K, used 13119K [0x00000000d5580000, 0x00000000d6380000, 0x0000000100000000)
  eden space 12800K, 99% used [0x00000000d5580000,0x00000000d61fff28,0x00000000d6200000)
  from space 512K, 62% used [0x00000000d6300000,0x00000000d6350000,0x00000000d6380000)
  to   space 512K, 0% used [0x00000000d6280000,0x00000000d6280000,0x00000000d6300000)
 ParOldGen       total 72704K, used 72431K [0x0000000080000000, 0x0000000084700000, 0x00000000d5580000)
  object space 72704K, 99% used [0x0000000080000000,0x00000000846bbfe0,0x0000000084700000)
 Metaspace       used 65060K, committed 66560K, reserved 1114112K
  class space    used 7042K, committed 7744K, reserved 1048576K
}
Event: 14.870 GC heap after
{Heap after GC invocations=90 (full 3):
 PSYoungGen      total 13312K, used 480K [0x00000000d5580000, 0x00000000d6500000, 0x0000000100000000)
  eden space 12800K, 0% used [0x00000000d5580000,0x00000000d5580000,0x00000000d6200000)
  from space 512K, 93% used [0x00000000d6280000,0x00000000d62f8020,0x00000000d6300000)
  to   space 1536K, 0% used [0x00000000d6380000,0x00000000d6380000,0x00000000d6500000)
 ParOldGen       total 73216K, used 73192K [0x0000000080000000, 0x0000000084780000, 0x00000000d5580000)
  object space 73216K, 99% used [0x0000000080000000,0x000000008477a000,0x0000000084780000)
 Metaspace       used 65060K, committed 66560K, reserved 1114112K
  class space    used 7042K, committed 7744K, reserved 1048576K
}
Event: 14.939 GC heap before
{Heap before GC invocations=91 (full 3):
 PSYoungGen      total 13312K, used 13280K [0x00000000d5580000, 0x00000000d6500000, 0x0000000100000000)
  eden space 12800K, 100% used [0x00000000d5580000,0x00000000d6200000,0x00000000d6200000)
  from space 512K, 93% used [0x00000000d6280000,0x00000000d62f8020,0x00000000d6300000)
  to   space 1536K, 0% used [0x00000000d6380000,0x00000000d6380000,0x00000000d6500000)
 ParOldGen       total 73216K, used 73192K [0x0000000080000000, 0x0000000084780000, 0x00000000d5580000)
  object space 73216K, 99% used [0x0000000080000000,0x000000008477a000,0x0000000084780000)
 Metaspace       used 65308K, committed 66880K, reserved 1114112K
  class space    used 7056K, committed 7744K, reserved 1048576K
}
Event: 14.941 GC heap after
{Heap after GC invocations=91 (full 3):
 PSYoungGen      total 13312K, used 1521K [0x00000000d5580000, 0x00000000d6700000, 0x0000000100000000)
  eden space 11776K, 0% used [0x00000000d5580000,0x00000000d5580000,0x00000000d6100000)
  from space 1536K, 99% used [0x00000000d6380000,0x00000000d64fc420,0x00000000d6500000)
  to   space 2560K, 0% used [0x00000000d6100000,0x00000000d6100000,0x00000000d6380000)
 ParOldGen       total 74240K, used 73915K [0x0000000080000000, 0x0000000084880000, 0x00000000d5580000)
  object space 74240K, 99% used [0x0000000080000000,0x000000008482ee58,0x0000000084880000)
 Metaspace       used 65308K, committed 66880K, reserved 1114112K
  class space    used 7056K, committed 7744K, reserved 1048576K
}
Event: 15.061 GC heap before
{Heap before GC invocations=92 (full 3):
 PSYoungGen      total 13312K, used 13297K [0x00000000d5580000, 0x00000000d6700000, 0x0000000100000000)
  eden space 11776K, 100% used [0x00000000d5580000,0x00000000d6100000,0x00000000d6100000)
  from space 1536K, 99% used [0x00000000d6380000,0x00000000d64fc420,0x00000000d6500000)
  to   space 2560K, 0% used [0x00000000d6100000,0x00000000d6100000,0x00000000d6380000)
 ParOldGen       total 74240K, used 73915K [0x0000000080000000, 0x0000000084880000, 0x00000000d5580000)
  object space 74240K, 99% used [0x0000000080000000,0x000000008482ee58,0x0000000084880000)
 Metaspace       used 65636K, committed 67136K, reserved 1114112K
  class space    used 7095K, committed 7744K, reserved 1048576K
}
Event: 15.063 GC heap after
{Heap after GC invocations=92 (full 3):
 PSYoungGen      total 13312K, used 1029K [0x00000000d5580000, 0x00000000d6400000, 0x0000000100000000)
  eden space 11776K, 0% used [0x00000000d5580000,0x00000000d5580000,0x00000000d6100000)
  from space 1536K, 67% used [0x00000000d6100000,0x00000000d6201760,0x00000000d6280000)
  to   space 1536K, 0% used [0x00000000d6280000,0x00000000d6280000,0x00000000d6400000)
 ParOldGen       total 75264K, used 75038K [0x0000000080000000, 0x0000000084980000, 0x00000000d5580000)
  object space 75264K, 99% used [0x0000000080000000,0x00000000849479a0,0x0000000084980000)
 Metaspace       used 65636K, committed 67136K, reserved 1114112K
  class space    used 7095K, committed 7744K, reserved 1048576K
}
Event: 15.099 GC heap before
{Heap before GC invocations=93 (full 3):
 PSYoungGen      total 13312K, used 12805K [0x00000000d5580000, 0x00000000d6400000, 0x0000000100000000)
  eden space 11776K, 100% used [0x00000000d5580000,0x00000000d6100000,0x00000000d6100000)
  from space 1536K, 67% used [0x00000000d6100000,0x00000000d6201760,0x00000000d6280000)
  to   space 1536K, 0% used [0x00000000d6280000,0x00000000d6280000,0x00000000d6400000)
 ParOldGen       total 75264K, used 75038K [0x0000000080000000, 0x0000000084980000, 0x00000000d5580000)
  object space 75264K, 99% used [0x0000000080000000,0x00000000849479a0,0x0000000084980000)
 Metaspace       used 65828K, committed 67392K, reserved 1114112K
  class space    used 7108K, committed 7808K, reserved 1048576K
}
Event: 15.102 GC heap after
{Heap after GC invocations=93 (full 3):
 PSYoungGen      total 12800K, used 852K [0x00000000d5580000, 0x00000000d6380000, 0x0000000100000000)
  eden space 11776K, 0% used [0x00000000d5580000,0x00000000d5580000,0x00000000d6100000)
  from space 1024K, 83% used [0x00000000d6280000,0x00000000d6355260,0x00000000d6380000)
  to   space 1024K, 0% used [0x00000000d6180000,0x00000000d6180000,0x00000000d6280000)
 ParOldGen       total 75776K, used 75694K [0x0000000080000000, 0x0000000084a00000, 0x00000000d5580000)
  object space 75776K, 99% used [0x0000000080000000,0x00000000849eba00,0x0000000084a00000)
 Metaspace       used 65828K, committed 67392K, reserved 1114112K
  class space    used 7108K, committed 7808K, reserved 1048576K
}
Event: 15.232 GC heap before
{Heap before GC invocations=94 (full 3):
 PSYoungGen      total 12800K, used 12628K [0x00000000d5580000, 0x00000000d6380000, 0x0000000100000000)
  eden space 11776K, 100% used [0x00000000d5580000,0x00000000d6100000,0x00000000d6100000)
  from space 1024K, 83% used [0x00000000d6280000,0x00000000d6355260,0x00000000d6380000)
  to   space 1024K, 0% used [0x00000000d6180000,0x00000000d6180000,0x00000000d6280000)
 ParOldGen       total 75776K, used 75694K [0x0000000080000000, 0x0000000084a00000, 0x00000000d5580000)
  object space 75776K, 99% used [0x0000000080000000,0x00000000849eba00,0x0000000084a00000)
 Metaspace       used 66306K, committed 67840K, reserved 1114112K
  class space    used 7141K, committed 7808K, reserved 1048576K
}
Event: 15.235 GC heap after
{Heap after GC invocations=94 (full 3):
 PSYoungGen      total 12800K, used 1010K [0x00000000d5580000, 0x00000000d6600000, 0x0000000100000000)
  eden space 11776K, 0% used [0x00000000d5580000,0x00000000d5580000,0x00000000d6100000)
  from space 1024K, 98% used [0x00000000d6180000,0x00000000d627c818,0x00000000d6280000)
  to   space 2560K, 0% used [0x00000000d6380000,0x00000000d6380000,0x00000000d6600000)
 ParOldGen       total 76800K, used 76709K [0x0000000080000000, 0x0000000084b00000, 0x00000000d5580000)
  object space 76800K, 99% used [0x0000000080000000,0x0000000084ae96d8,0x0000000084b00000)
 Metaspace       used 66306K, committed 67840K, reserved 1114112K
  class space    used 7141K, committed 7808K, reserved 1048576K
}
Event: 15.367 GC heap before
{Heap before GC invocations=95 (full 3):
 PSYoungGen      total 12800K, used 12762K [0x00000000d5580000, 0x00000000d6600000, 0x0000000100000000)
  eden space 11776K, 99% used [0x00000000d5580000,0x00000000d60fa298,0x00000000d6100000)
  from space 1024K, 98% used [0x00000000d6180000,0x00000000d627c818,0x00000000d6280000)
  to   space 2560K, 0% used [0x00000000d6380000,0x00000000d6380000,0x00000000d6600000)
 ParOldGen       total 76800K, used 76709K [0x0000000080000000, 0x0000000084b00000, 0x00000000d5580000)
  object space 76800K, 99% used [0x0000000080000000,0x0000000084ae96d8,0x0000000084b00000)
 Metaspace       used 67163K, committed 68736K, reserved 1114112K
  class space    used 7246K, committed 7936K, reserved 1048576K
}
Event: 15.369 GC heap after
{Heap after GC invocations=95 (full 3):
 PSYoungGen      total 13312K, used 1482K [0x00000000d5580000, 0x00000000d6500000, 0x0000000100000000)
  eden space 11776K, 0% used [0x00000000d5580000,0x00000000d5580000,0x00000000d6100000)
  from space 1536K, 96% used [0x00000000d6380000,0x00000000d64f2a00,0x00000000d6500000)
  to   space 2048K, 0% used [0x00000000d6100000,0x00000000d6100000,0x00000000d6300000)
 ParOldGen       total 77824K, used 77723K [0x0000000080000000, 0x0000000084c00000, 0x00000000d5580000)
  object space 77824K, 99% used [0x0000000080000000,0x0000000084be6f10,0x0000000084c00000)
 Metaspace       used 67163K, committed 68736K, reserved 1114112K
  class space    used 7246K, committed 7936K, reserved 1048576K
}
Event: 15.495 GC heap before
{Heap before GC invocations=96 (full 3):
 PSYoungGen      total 13312K, used 13258K [0x00000000d5580000, 0x00000000d6500000, 0x0000000100000000)
  eden space 11776K, 100% used [0x00000000d5580000,0x00000000d6100000,0x00000000d6100000)
  from space 1536K, 96% used [0x00000000d6380000,0x00000000d64f2a00,0x00000000d6500000)
  to   space 2048K, 0% used [0x00000000d6100000,0x00000000d6100000,0x00000000d6300000)
 ParOldGen       total 77824K, used 77723K [0x0000000080000000, 0x0000000084c00000, 0x00000000d5580000)
  object space 77824K, 99% used [0x0000000080000000,0x0000000084be6f10,0x0000000084c00000)
 Metaspace       used 68450K, committed 70016K, reserved 1114112K
  class space    used 7358K, committed 8064K, reserved 1048576K
}
Event: 15.497 GC heap after
{Heap after GC invocations=96 (full 3):
 PSYoungGen      total 13312K, used 1218K [0x00000000d5580000, 0x00000000d6400000, 0x0000000100000000)
  eden space 11776K, 0% used [0x00000000d5580000,0x00000000d5580000,0x00000000d6100000)
  from space 1536K, 79% used [0x00000000d6100000,0x00000000d6230a78,0x00000000d6280000)
  to   space 1536K, 0% used [0x00000000d6280000,0x00000000d6280000,0x00000000d6400000)
 ParOldGen       total 79360K, used 79004K [0x0000000080000000, 0x0000000084d80000, 0x00000000d5580000)
  object space 79360K, 99% used [0x0000000080000000,0x0000000084d27058,0x0000000084d80000)
 Metaspace       used 68450K, committed 70016K, reserved 1114112K
  class space    used 7358K, committed 8064K, reserved 1048576K
}
Event: 31.149 GC heap before
{Heap before GC invocations=97 (full 3):
 PSYoungGen      total 13312K, used 12994K [0x00000000d5580000, 0x00000000d6400000, 0x0000000100000000)
  eden space 11776K, 99% used [0x00000000d5580000,0x00000000d60ffff8,0x00000000d6100000)
  from space 1536K, 79% used [0x00000000d6100000,0x00000000d6230a78,0x00000000d6280000)
  to   space 1536K, 0% used [0x00000000d6280000,0x00000000d6280000,0x00000000d6400000)
 ParOldGen       total 79360K, used 79004K [0x0000000080000000, 0x0000000084d80000, 0x00000000d5580000)
  object space 79360K, 99% used [0x0000000080000000,0x0000000084d27058,0x0000000084d80000)
 Metaspace       used 68899K, committed 70528K, reserved 1114112K
  class space    used 7381K, committed 8064K, reserved 1048576K
}
Event: 31.150 GC heap after
{Heap after GC invocations=97 (full 3):
 PSYoungGen      total 12800K, used 548K [0x00000000d5580000, 0x00000000d6380000, 0x0000000100000000)
  eden space 11776K, 0% used [0x00000000d5580000,0x00000000d5580000,0x00000000d6100000)
  from space 1024K, 53% used [0x00000000d6280000,0x00000000d6309348,0x00000000d6380000)
  to   space 1024K, 0% used [0x00000000d6180000,0x00000000d6180000,0x00000000d6280000)
 ParOldGen       total 79872K, used 79617K [0x0000000080000000, 0x0000000084e00000, 0x00000000d5580000)
  object space 79872K, 99% used [0x0000000080000000,0x0000000084dc05b8,0x0000000084e00000)
 Metaspace       used 68899K, committed 70528K, reserved 1114112K
  class space    used 7381K, committed 8064K, reserved 1048576K
}

